15:29:40 [App     ] Build date: Jan  5 2020, 15:49:26
15:29:40 [App     ] CPU: AMD Ryzen 9 5950X 16-Core Processor             (32 cores)
15:29:40 [App     ] RAM: 31.93GB Physical Memory 128.00TB Virtual Memory
15:29:40 [App     ] OS: Windows 8 x64
15:29:40 [App     ] SSE & AVX compatible CPU & OS detected
15:29:40 [App     ] Command line: scene_dense_mesh.mvs --scales 2 -w C:\Users\owner\Desktop\MvgMvsPipeline\result_castle\mvs
15:29:41 [App     ] Scene loaded (582ms):
	11 images (11 calibrated) with a total of 63.22 MPixels (5.75 MPixels/image)
	0 points, 456289 vertices, 912175 faces
15:29:51 [App     ] Cleaned mesh: 85715 vertices, 171032 faces (5s798ms)
15:29:51 [App     ] Cleaned mesh: 85715 vertices, 171032 faces (285ms)
15:30:01 [App     ] Cleaned mesh: 72850 vertices, 145082 faces (233ms)
15:30:01 [App     ] Mesh subdivided: 85715/171032 -> 72850/145082 vertices/faces
15:30:03 [App     ] 	 1. f: 0.51977 (7.1348e-06)	g: 0.10826 (1.4861e-06 - 1.1016e-04)	s: 0.500	v:     0
15:30:05 [App     ] 	 2. f: 0.51504 (7.0699e-06)	g: 0.03632 (4.9861e-07 - 8.3228e-05)	s: 0.490	v:     0
15:30:08 [App     ] 	 3. f: 0.50985 (6.9986e-06)	g: 0.02972 (4.0795e-07 - 7.0744e-05)	s: 0.480	v:     0
15:30:10 [App     ] 	 4. f: 0.50721 (6.9624e-06)	g: 0.02527 (3.4691e-07 - 6.1827e-05)	s: 0.471	v:     0
15:30:13 [App     ] 	 5. f: 0.50564 (6.9409e-06)	g: 0.02268 (3.1128e-07 - 5.5406e-05)	s: 0.461	v:     0
15:30:15 [App     ] 	 6. f: 0.50457 (6.9261e-06)	g: 0.02022 (2.7755e-07 - 5.0218e-05)	s: 0.452	v:     0
15:30:18 [App     ] 	 7. f: 0.50380 (6.9156e-06)	g: 0.01864 (2.5585e-07 - 4.6210e-05)	s: 0.443	v:     0
15:30:20 [App     ] 	 8. f: 0.50321 (6.9074e-06)	g: 0.01767 (2.4255e-07 - 4.3023e-05)	s: 0.434	v:     0
15:30:22 [App     ] 	 9. f: 0.50276 (6.9013e-06)	g: 0.01752 (2.4048e-07 - 4.0394e-05)	s: 0.425	v:     0
15:30:25 [App     ] 	10. f: 0.50239 (6.8963e-06)	g: 0.01563 (2.1449e-07 - 3.7910e-05)	s: 0.417	v:     0
15:30:27 [App     ] 	11. f: 0.50201 (6.8910e-06)	g: 0.01458 (2.0014e-07 - 3.5934e-05)	s: 0.409	v:     0
15:30:30 [App     ] 	12. f: 0.50168 (6.8865e-06)	g: 0.01513 (2.0767e-07 - 3.4357e-05)	s: 0.400	v:     0
15:30:32 [App     ] 	13. f: 0.50146 (6.8835e-06)	g: 0.01507 (2.0686e-07 - 3.2926e-05)	s: 0.392	v:     0
15:30:34 [App     ] 	14. f: 0.50130 (6.8813e-06)	g: 0.01306 (1.7928e-07 - 3.1386e-05)	s: 0.385	v:     0
15:30:37 [App     ] 	15. f: 0.50103 (6.8775e-06)	g: 0.01274 (1.7488e-07 - 3.0279e-05)	s: 0.377	v:     0
15:30:39 [App     ] 	16. f: 0.50085 (6.8752e-06)	g: 0.01238 (1.7000e-07 - 2.9215e-05)	s: 0.369	v:     0
15:30:42 [App     ] 	17. f: 0.50057 (6.8712e-06)	g: 0.01180 (1.6203e-07 - 2.8266e-05)	s: 0.362	v:     0
15:30:44 [App     ] 	18. f: 0.50038 (6.8687e-06)	g: 0.01152 (1.5816e-07 - 2.7427e-05)	s: 0.355	v:     0
15:30:47 [App     ] 	19. f: 0.50021 (6.8664e-06)	g: 0.01120 (1.5368e-07 - 2.6649e-05)	s: 0.348	v:     0
15:30:49 [App     ] 	20. f: 0.50001 (6.8635e-06)	g: 0.01148 (1.5756e-07 - 2.6002e-05)	s: 0.341	v:     0
15:30:51 [App     ] 	21. f: 0.49986 (6.8615e-06)	g: 0.01156 (1.5874e-07 - 2.5436e-05)	s: 0.334	v:     0
15:30:54 [App     ] 	22. f: 0.49970 (6.8593e-06)	g: 0.01103 (1.5143e-07 - 2.4726e-05)	s: 0.327	v:     0
15:30:56 [App     ] 	23. f: 0.49958 (6.8577e-06)	g: 0.01082 (1.4853e-07 - 2.4114e-05)	s: 0.321	v:     0
15:30:59 [App     ] 	24. f: 0.49944 (6.8557e-06)	g: 0.01008 (1.3832e-07 - 2.3571e-05)	s: 0.314	v:     0
15:31:01 [App     ] 	25. f: 0.49930 (6.8538e-06)	g: 0.00993 (1.3632e-07 - 2.3115e-05)	s: 0.308	v:     0
15:31:03 [App     ] 	26. f: 0.49919 (6.8523e-06)	g: 0.00994 (1.3640e-07 - 2.2693e-05)	s: 0.302	v:     0
15:31:06 [App     ] 	27. f: 0.49910 (6.8511e-06)	g: 0.01098 (1.5075e-07 - 2.2326e-05)	s: 0.296	v:     0
15:31:08 [App     ] 	28. f: 0.49907 (6.8506e-06)	g: 0.00971 (1.3322e-07 - 2.1908e-05)	s: 0.290	v:     0
15:31:11 [App     ] 	29. f: 0.49889 (6.8482e-06)	g: 0.01082 (1.4859e-07 - 2.1709e-05)	s: 0.284	v:     0
15:31:13 [App     ] 	30. f: 0.49888 (6.8480e-06)	g: 0.01018 (1.3969e-07 - 2.1275e-05)	s: 0.278	v:     0
15:31:15 [App     ] 	31. f: 0.49875 (6.8462e-06)	g: 0.00884 (1.2134e-07 - 2.0747e-05)	s: 0.273	v:     0
15:31:18 [App     ] 	32. f: 0.49860 (6.8442e-06)	g: 0.00912 (1.2518e-07 - 2.0464e-05)	s: 0.267	v:     0
15:31:20 [App     ] 	33. f: 0.49857 (6.8438e-06)	g: 0.00937 (1.2858e-07 - 2.0981e-05)	s: 0.262	v:     0
15:31:23 [App     ] 	34. f: 0.49860 (6.8442e-06)	g: 0.00900 (1.2350e-07 - 2.0631e-05)	s: 0.257	v:     0
15:31:25 [App     ] 	35. f: 0.49860 (6.8443e-06)	g: 0.00905 (1.2428e-07 - 2.0276e-05)	s: 0.252	v:     0
15:31:27 [App     ] 	36. f: 0.49869 (6.8454e-06)	g: 0.00913 (1.2528e-07 - 2.0045e-05)	s: 0.247	v:     0
15:31:30 [App     ] 	37. f: 0.49872 (6.8459e-06)	g: 0.00968 (1.3288e-07 - 1.9878e-05)	s: 0.242	v:     0
15:31:32 [App     ] 	38. f: 0.49880 (6.8469e-06)	g: 0.01172 (1.6082e-07 - 1.9745e-05)	s: 0.237	v:     0
15:31:35 [App     ] 	39. f: 0.49886 (6.8478e-06)	g: 0.00838 (1.1505e-07 - 1.9305e-05)	s: 0.232	v:     0
15:31:37 [App     ] 	40. f: 0.49887 (6.8479e-06)	g: 0.00911 (1.2511e-07 - 1.9149e-05)	s: 0.227	v:     0
15:31:39 [App     ] 	41. f: 0.49889 (6.8481e-06)	g: 0.01032 (1.4166e-07 - 1.8937e-05)	s: 0.223	v:     0
15:31:42 [App     ] 	42. f: 0.49895 (6.8491e-06)	g: 0.00839 (1.1518e-07 - 1.8707e-05)	s: 0.218	v:     0
15:31:44 [App     ] 	43. f: 0.49893 (6.8488e-06)	g: 0.00828 (1.1362e-07 - 1.8484e-05)	s: 0.214	v:     0
15:31:47 [App     ] 	44. f: 0.49894 (6.8488e-06)	g: 0.00856 (1.1752e-07 - 1.8335e-05)	s: 0.210	v:     0
15:31:49 [App     ] 	45. f: 0.49892 (6.8486e-06)	g: 0.00766 (1.0509e-07 - 1.8059e-05)	s: 0.206	v:     0
15:31:50 [App     ] Mesh subdivided: 72850/145082 -> 114015/227131 vertices/faces
15:31:59 [App     ] 	 1. f: 0.65143 (5.7136e-06)	g: 0.03460 (3.0346e-07 - 6.9748e-05)	s: 0.500	v:     0
15:32:07 [App     ] 	 2. f: 0.62444 (5.4768e-06)	g: 0.02694 (2.3625e-07 - 5.7662e-05)	s: 0.490	v:     0
15:32:15 [App     ] 	 3. f: 0.60380 (5.2958e-06)	g: 0.02291 (2.0090e-07 - 4.9589e-05)	s: 0.480	v:     0
15:32:24 [App     ] 	 4. f: 0.58771 (5.1547e-06)	g: 0.02044 (1.7928e-07 - 4.3564e-05)	s: 0.471	v:     0
15:32:32 [App     ] 	 5. f: 0.57503 (5.0435e-06)	g: 0.01815 (1.5922e-07 - 3.8728e-05)	s: 0.461	v:     0
15:32:40 [App     ] 	 6. f: 0.56488 (4.9545e-06)	g: 0.01649 (1.4459e-07 - 3.4906e-05)	s: 0.452	v:     0
15:32:48 [App     ] 	 7. f: 0.55674 (4.8830e-06)	g: 0.01488 (1.3051e-07 - 3.1685e-05)	s: 0.443	v:     0
15:32:56 [App     ] 	 8. f: 0.55018 (4.8255e-06)	g: 0.01391 (1.2201e-07 - 2.9117e-05)	s: 0.434	v:     0
15:33:04 [App     ] 	 9. f: 0.54479 (4.7783e-06)	g: 0.01421 (1.2462e-07 - 2.7027e-05)	s: 0.425	v:     0
15:33:12 [App     ] 	10. f: 0.54048 (4.7404e-06)	g: 0.01288 (1.1294e-07 - 2.5128e-05)	s: 0.417	v:     0
15:33:21 [App     ] 	11. f: 0.53690 (4.7090e-06)	g: 0.01155 (1.0128e-07 - 2.3477e-05)	s: 0.409	v:     0
15:33:29 [App     ] 	12. f: 0.53384 (4.6822e-06)	g: 0.01149 (1.0080e-07 - 2.2177e-05)	s: 0.400	v:     0
15:33:37 [App     ] 	13. f: 0.53128 (4.6597e-06)	g: 0.01071 (9.3918e-08 - 2.0947e-05)	s: 0.392	v:     0
15:33:45 [App     ] 	14. f: 0.52911 (4.6407e-06)	g: 0.01084 (9.5084e-08 - 1.9975e-05)	s: 0.385	v:     0
15:33:53 [App     ] 	15. f: 0.52734 (4.6252e-06)	g: 0.01049 (9.1994e-08 - 1.9091e-05)	s: 0.377	v:     0
15:34:02 [App     ] 	16. f: 0.52582 (4.6118e-06)	g: 0.01091 (9.5700e-08 - 1.8370e-05)	s: 0.369	v:     0
15:34:10 [App     ] 	17. f: 0.52445 (4.5998e-06)	g: 0.00958 (8.4057e-08 - 1.7962e-05)	s: 0.362	v:     0
15:34:18 [App     ] 	18. f: 0.52348 (4.5913e-06)	g: 0.00958 (8.4014e-08 - 1.7322e-05)	s: 0.355	v:     0
15:34:26 [App     ] 	19. f: 0.52269 (4.5844e-06)	g: 0.01022 (8.9628e-08 - 1.6817e-05)	s: 0.348	v:     0
15:34:34 [App     ] 	20. f: 0.52203 (4.5786e-06)	g: 0.00989 (8.6734e-08 - 1.6265e-05)	s: 0.341	v:     0
15:34:43 [App     ] 	21. f: 0.52146 (4.5736e-06)	g: 0.00893 (7.8343e-08 - 1.5711e-05)	s: 0.334	v:     0
15:34:51 [App     ] 	22. f: 0.52096 (4.5693e-06)	g: 0.00867 (7.6009e-08 - 1.5316e-05)	s: 0.327	v:     0
15:34:51 [App     ] Mesh refinement completed: 114015 vertices, 227131 faces (5m10s388ms)
15:34:51 [App     ] Scene saved (198ms):
	11 images (11 calibrated)
	0 points, 114015 vertices, 227131 faces
15:34:51 [App     ] Mesh saved: 114015 vertices, 227131 faces (36ms)
15:34:51 [App     ] MEMORYINFO: {
15:34:51 [App     ] 	PageFaultCount 7197558
15:34:51 [App     ] 	PeakWorkingSetSize 10.79GB
15:34:51 [App     ] 	WorkingSetSize 8.67GB
15:34:51 [App     ] 	QuotaPeakPagedPoolUsage 134.70KB
15:34:51 [App     ] 	QuotaPagedPoolUsage 125.65KB
15:34:51 [App     ] 	QuotaPeakNonPagedPoolUsage 77.02KB
15:34:51 [App     ] 	QuotaNonPagedPoolUsage 57.63KB
15:34:51 [App     ] 	PagefileUsage 8.68GB
15:34:51 [App     ] 	PeakPagefileUsage 10.81GB
15:34:51 [App     ] } ENDINFO
