15:09:39 [App     ] Build date: Jan  5 2020, 15:49:26
15:09:39 [App     ] CPU: AMD Ryzen 9 5950X 16-Core Processor             (32 cores)
15:09:39 [App     ] RAM: 31.93GB Physical Memory 128.00TB Virtual Memory
15:09:39 [App     ] OS: Windows 8 x64
15:09:39 [App     ] SSE & AVX compatible CPU & OS detected
15:09:39 [App     ] Command line: scene_dense_mesh.mvs --scales 2 -w C:\Users\owner\Desktop\MvgMvsPipeline\result\mvs
15:09:39 [App     ] Scene loaded (35ms):
	11 images (11 calibrated) with a total of 3.22 MPixels (0.29 MPixels/image)
	0 points, 26880 vertices, 53714 faces
15:09:39 [App     ] Cleaned mesh: 2707 vertices, 5370 faces (204ms)
15:09:39 [App     ] Cleaned mesh: 2707 vertices, 5370 faces (6ms)
15:09:39 [App     ] Cleaned mesh: 2294 vertices, 4528 faces (5ms)
15:09:39 [App     ] Mesh subdivided: 2707/5370 -> 2294/4528 vertices/faces
15:09:39 [App     ] 	 1. f: 1.20268 (5.2427e-04)	g: 0.19266 (8.3986e-05 - 3.1505e-03)	s: 0.500	v:     0
15:09:39 [App     ] 	 2. f: 1.14907 (5.0090e-04)	g: 0.14128 (6.1589e-05 - 2.4142e-03)	s: 0.490	v:     0
15:09:39 [App     ] 	 3. f: 1.12095 (4.8865e-04)	g: 0.11694 (5.0979e-05 - 2.0018e-03)	s: 0.480	v:     0
15:09:39 [App     ] 	 4. f: 1.10343 (4.8101e-04)	g: 0.10115 (4.4094e-05 - 1.7251e-03)	s: 0.471	v:     0
15:09:39 [App     ] 	 5. f: 1.08874 (4.7460e-04)	g: 0.08959 (3.9054e-05 - 1.5240e-03)	s: 0.461	v:     0
15:09:39 [App     ] 	 6. f: 1.07763 (4.6976e-04)	g: 0.08118 (3.5386e-05 - 1.3681e-03)	s: 0.452	v:     0
15:09:39 [App     ] 	 7. f: 1.06976 (4.6633e-04)	g: 0.07374 (3.2143e-05 - 1.2368e-03)	s: 0.443	v:     0
15:09:40 [App     ] 	 8. f: 1.06324 (4.6349e-04)	g: 0.06664 (2.9050e-05 - 1.1205e-03)	s: 0.434	v:     0
15:09:40 [App     ] 	 9. f: 1.05740 (4.6094e-04)	g: 0.06139 (2.6762e-05 - 1.0371e-03)	s: 0.425	v:     0
15:09:40 [App     ] 	10. f: 1.05371 (4.5933e-04)	g: 0.05675 (2.4737e-05 - 9.6314e-04)	s: 0.417	v:     0
15:09:40 [App     ] 	11. f: 1.04991 (4.5768e-04)	g: 0.05345 (2.3301e-05 - 9.0201e-04)	s: 0.409	v:     0
15:09:40 [App     ] 	12. f: 1.04531 (4.5567e-04)	g: 0.05077 (2.2132e-05 - 8.4899e-04)	s: 0.400	v:     0
15:09:40 [App     ] 	13. f: 1.04157 (4.5404e-04)	g: 0.04818 (2.1004e-05 - 8.0413e-04)	s: 0.392	v:     0
15:09:40 [App     ] 	14. f: 1.03749 (4.5226e-04)	g: 0.04553 (1.9846e-05 - 7.6109e-04)	s: 0.385	v:     0
15:09:40 [App     ] 	15. f: 1.03500 (4.5118e-04)	g: 0.04319 (1.8827e-05 - 7.2465e-04)	s: 0.377	v:     0
15:09:40 [App     ] 	16. f: 1.03166 (4.4972e-04)	g: 0.04150 (1.8091e-05 - 6.9313e-04)	s: 0.369	v:     0
15:09:40 [App     ] 	17. f: 1.02900 (4.4856e-04)	g: 0.04067 (1.7728e-05 - 6.7392e-04)	s: 0.362	v:     0
15:09:40 [App     ] 	18. f: 1.02718 (4.4777e-04)	g: 0.03887 (1.6945e-05 - 6.4832e-04)	s: 0.355	v:     0
15:09:40 [App     ] 	19. f: 1.02428 (4.4650e-04)	g: 0.03808 (1.6601e-05 - 6.3114e-04)	s: 0.348	v:     0
15:09:40 [App     ] 	20. f: 1.02173 (4.4539e-04)	g: 0.03662 (1.5963e-05 - 6.0926e-04)	s: 0.341	v:     0
15:09:40 [App     ] 	21. f: 1.01992 (4.4460e-04)	g: 0.03561 (1.5525e-05 - 5.9101e-04)	s: 0.334	v:     0
15:09:40 [App     ] 	22. f: 1.01780 (4.4368e-04)	g: 0.03458 (1.5074e-05 - 5.7450e-04)	s: 0.327	v:     0
15:09:40 [App     ] 	23. f: 1.01699 (4.4333e-04)	g: 0.03425 (1.4932e-05 - 5.6334e-04)	s: 0.321	v:     0
15:09:40 [App     ] 	24. f: 1.01651 (4.4312e-04)	g: 0.03371 (1.4693e-05 - 5.4931e-04)	s: 0.314	v:     0
15:09:40 [App     ] 	25. f: 1.01566 (4.4275e-04)	g: 0.03274 (1.4271e-05 - 5.3459e-04)	s: 0.308	v:     0
15:09:40 [App     ] 	26. f: 1.01471 (4.4233e-04)	g: 0.03212 (1.4001e-05 - 5.2210e-04)	s: 0.302	v:     0
15:09:40 [App     ] 	27. f: 1.01340 (4.4176e-04)	g: 0.03232 (1.4087e-05 - 5.1490e-04)	s: 0.296	v:     0
15:09:40 [App     ] 	28. f: 1.01244 (4.4134e-04)	g: 0.03222 (1.4047e-05 - 5.0834e-04)	s: 0.290	v:     0
15:09:40 [App     ] 	29. f: 1.01153 (4.4094e-04)	g: 0.03260 (1.4212e-05 - 4.9949e-04)	s: 0.284	v:     0
15:09:40 [App     ] 	30. f: 1.01092 (4.4068e-04)	g: 0.03342 (1.4569e-05 - 4.9160e-04)	s: 0.278	v:     0
15:09:40 [App     ] 	31. f: 1.01033 (4.4042e-04)	g: 0.03080 (1.3424e-05 - 4.7972e-04)	s: 0.273	v:     0
15:09:40 [App     ] 	32. f: 1.00936 (4.4000e-04)	g: 0.02866 (1.2492e-05 - 4.6876e-04)	s: 0.267	v:     0
15:09:40 [App     ] 	33. f: 1.00887 (4.3978e-04)	g: 0.03065 (1.3360e-05 - 4.8018e-04)	s: 0.262	v:     0
15:09:40 [App     ] 	34. f: 1.00710 (4.3902e-04)	g: 0.02981 (1.2997e-05 - 4.6575e-04)	s: 0.257	v:     0
15:09:40 [App     ] 	35. f: 1.00655 (4.3878e-04)	g: 0.02877 (1.2541e-05 - 4.5817e-04)	s: 0.252	v:     0
15:09:41 [App     ] 	36. f: 1.00583 (4.3846e-04)	g: 0.02788 (1.2152e-05 - 4.4779e-04)	s: 0.247	v:     0
15:09:41 [App     ] 	37. f: 1.00506 (4.3813e-04)	g: 0.02805 (1.2227e-05 - 4.4549e-04)	s: 0.242	v:     0
15:09:41 [App     ] 	38. f: 1.00377 (4.3756e-04)	g: 0.02732 (1.1911e-05 - 4.3727e-04)	s: 0.237	v:     0
15:09:41 [App     ] 	39. f: 1.00284 (4.3716e-04)	g: 0.02752 (1.1996e-05 - 4.3432e-04)	s: 0.232	v:     0
15:09:41 [App     ] 	40. f: 1.00250 (4.3701e-04)	g: 0.03137 (1.3674e-05 - 4.4020e-04)	s: 0.227	v:     0
15:09:41 [App     ] 	41. f: 1.00184 (4.3672e-04)	g: 0.02621 (1.1426e-05 - 4.2308e-04)	s: 0.223	v:     0
15:09:41 [App     ] 	42. f: 1.00065 (4.3621e-04)	g: 0.02631 (1.1469e-05 - 4.1901e-04)	s: 0.218	v:     0
15:09:41 [App     ] 	43. f: 1.00040 (4.3609e-04)	g: 0.02550 (1.1116e-05 - 4.1085e-04)	s: 0.214	v:     0
15:09:41 [App     ] 	44. f: 0.99933 (4.3563e-04)	g: 0.02668 (1.1630e-05 - 4.1131e-04)	s: 0.210	v:     0
15:09:41 [App     ] 	45. f: 0.99946 (4.3568e-04)	g: 0.02582 (1.1256e-05 - 4.0201e-04)	s: 0.206	v:     0
15:09:41 [App     ] Mesh subdivided: 2294/4528 -> 5556/11021 vertices/faces
15:09:41 [App     ] 	 1. f: 1.27400 (2.2930e-04)	g: 0.20028 (3.6047e-05 - 1.9942e-03)	s: 0.500	v:     0
15:09:41 [App     ] 	 2. f: 1.20669 (2.1719e-04)	g: 0.13915 (2.5045e-05 - 1.4865e-03)	s: 0.490	v:     0
15:09:41 [App     ] 	 3. f: 1.16817 (2.1025e-04)	g: 0.11299 (2.0336e-05 - 1.2129e-03)	s: 0.480	v:     0
15:09:42 [App     ] 	 4. f: 1.14192 (2.0553e-04)	g: 0.09798 (1.7636e-05 - 1.0277e-03)	s: 0.471	v:     0
15:09:42 [App     ] 	 5. f: 1.12152 (2.0186e-04)	g: 0.08792 (1.5825e-05 - 8.9560e-04)	s: 0.461	v:     0
15:09:42 [App     ] 	 6. f: 1.10695 (1.9923e-04)	g: 0.08100 (1.4578e-05 - 7.8858e-04)	s: 0.452	v:     0
15:09:42 [App     ] 	 7. f: 1.09442 (1.9698e-04)	g: 0.07461 (1.3429e-05 - 7.0603e-04)	s: 0.443	v:     0
15:09:42 [App     ] 	 8. f: 1.08518 (1.9532e-04)	g: 0.06952 (1.2513e-05 - 6.4085e-04)	s: 0.434	v:     0
15:09:42 [App     ] 	 9. f: 1.07659 (1.9377e-04)	g: 0.06281 (1.1304e-05 - 5.8273e-04)	s: 0.425	v:     0
15:09:43 [App     ] 	10. f: 1.07101 (1.9277e-04)	g: 0.05934 (1.0681e-05 - 5.3751e-04)	s: 0.417	v:     0
15:09:43 [App     ] 	11. f: 1.06539 (1.9176e-04)	g: 0.05500 (9.8985e-06 - 4.9584e-04)	s: 0.409	v:     0
15:09:43 [App     ] 	12. f: 1.06124 (1.9101e-04)	g: 0.05080 (9.1441e-06 - 4.6071e-04)	s: 0.400	v:     0
15:09:43 [App     ] 	13. f: 1.05726 (1.9029e-04)	g: 0.04787 (8.6152e-06 - 4.3061e-04)	s: 0.392	v:     0
15:09:43 [App     ] 	14. f: 1.05439 (1.8977e-04)	g: 0.04486 (8.0734e-06 - 4.0589e-04)	s: 0.385	v:     0
15:09:43 [App     ] 	15. f: 1.05149 (1.8925e-04)	g: 0.04293 (7.7263e-06 - 3.8427e-04)	s: 0.377	v:     0
15:09:43 [App     ] 	16. f: 1.04939 (1.8887e-04)	g: 0.03883 (6.9895e-06 - 3.6146e-04)	s: 0.369	v:     0
15:09:44 [App     ] 	17. f: 1.04720 (1.8848e-04)	g: 0.03778 (6.7990e-06 - 3.6053e-04)	s: 0.362	v:     0
15:09:44 [App     ] 	18. f: 1.04560 (1.8819e-04)	g: 0.03566 (6.4187e-06 - 3.4229e-04)	s: 0.355	v:     0
15:09:44 [App     ] 	19. f: 1.04365 (1.8784e-04)	g: 0.03422 (6.1593e-06 - 3.2870e-04)	s: 0.348	v:     0
15:09:44 [App     ] 	20. f: 1.04262 (1.8766e-04)	g: 0.03279 (5.9025e-06 - 3.1648e-04)	s: 0.341	v:     0
15:09:44 [App     ] 	21. f: 1.04125 (1.8741e-04)	g: 0.03165 (5.6958e-06 - 3.0618e-04)	s: 0.334	v:     0
15:09:44 [App     ] 	22. f: 1.04044 (1.8726e-04)	g: 0.03020 (5.4349e-06 - 2.9617e-04)	s: 0.327	v:     0
15:09:44 [App     ] Mesh refinement completed: 5556 vertices, 11021 faces (5s725ms)
15:09:44 [App     ] Scene saved (9ms):
	11 images (11 calibrated)
	0 points, 5556 vertices, 11021 faces
15:09:44 [App     ] Mesh saved: 5556 vertices, 11021 faces (9ms)
15:09:44 [App     ] MEMORYINFO: {
15:09:44 [App     ] 	PageFaultCount 235606
15:09:44 [App     ] 	PeakWorkingSetSize 493.14MB
15:09:44 [App     ] 	WorkingSetSize 381.54MB
15:09:44 [App     ] 	QuotaPeakPagedPoolUsage 124.68KB
15:09:44 [App     ] 	QuotaPagedPoolUsage 124.51KB
15:09:45 [App     ] 	QuotaPeakNonPagedPoolUsage 58.83KB
15:09:45 [App     ] 	QuotaNonPagedPoolUsage 47.27KB
15:09:45 [App     ] 	PagefileUsage 376.23MB
15:09:45 [App     ] 	PeakPagefileUsage 489.30MB
15:09:45 [App     ] } ENDINFO
